[07/15/26 15:11:16] info     ================= cer started =================
[07/15/26 15:11:16] info     C:\Program Files\Autodesk\AutoCAD 2027\cer.dll, 7.2.4+20251128.8f05bb68.927
[07/15/26 15:11:16] info     Setting key SP/SDK_VERSION, value 7.2.4+20251128.8f05bb68.927 (maxCount 1)
[07/15/26 15:11:16] info     Setting key SP/PRODUCT_NAME_HASH, value 9d6767a77b9d2cce90e03082e1302957689eeac5 (maxCount 1)
[07/15/26 15:11:16] info     Setting key SP/RUNTIME_ARCH, value 1 (maxCount 1)
[07/15/26 15:11:16] info     Set senddmp exe path to C:\Program Files\Autodesk\AutoCAD 2027\CER\senddmp.exe
[07/15/26 15:11:16] info     The cer_service exe C:\Program Files\Autodesk\AutoCAD 2027\CER\service\cer_service.exe is not in folder C:\Program Files\Autodesk\AutoCAD 2027\CER\, it's not a sandbox
[07/15/26 15:11:16] info     Set upi exe path to C:\Program Files\Autodesk\AutoCAD 2027\CER\upi.exe
[07/15/26 15:11:16] info     launching C:\Program Files\Autodesk\AutoCAD 2027\CER\upi.exe --cmd=get-device-id C:\Users\martijn\AppData\Local\Temp\upi_deviceid2
[07/15/26 15:11:16] info     Set deviceID2 to 5FA9CB08AC9568A20062D641F0E83350AD4E01E77C050F5774A2258C7F55DDB5&C36991926561CF2A3977F0863E61A4FA3F8FBE7EC7145CF456E6DE7EBCA4A563&36DECED01A3ACD4FA5B51D33932D86F72549B4905A1D8B0CFAC3FBBFF440E4E3
[07/15/26 15:11:16] info     Setting key SP/DEVICEID2, value 5FA9CB08AC9568A20062D641F0E83350AD4E01E77C050F5774A2258C7F55DDB5&C36991926561CF2A3977F0863E61A4FA3F8FBE7EC7145CF456E6DE7EBCA4A563&36DECED01A3ACD4FA5B51D33932D86F72549B4905A1D8B0CFAC3FBBFF440E4E3 (maxCount 1)
[07/15/26 15:11:16] info     Setting key SP/UUID, value 9d6767a77b9d2cce90e03082e1302957689eeac55FA9CB08AC9568A20062D641F0E83350AD4E01E77C050F5774A2258C7F55DDB5&C36991926561CF2A3977F0863E61A4FA3F8FBE7EC7145CF456E6DE7EBCA4A563&36DECED01A3ACD4FA5B51D33932D86F72549B4905A1D8B0CFAC3FBBFF440E4E3 (maxCount 1)
[07/15/26 15:11:16] info     Set senddmp exe path to C:\Program Files\Autodesk\AutoCAD 2027\CER\senddmp.exe
[07/15/26 15:11:16] info     The cer_service exe C:\Program Files\Autodesk\AutoCAD 2027\CER\service\cer_service.exe is not in folder C:\Program Files\Autodesk\AutoCAD 2027\CER\, it's not a sandbox
[07/15/26 15:11:16] info     launching C:\Program Files\Autodesk\AutoCAD 2027\CER\upi.exe "C:\Program Files\Autodesk\AutoCAD 2027\en-US\UPI\upiconfig.xml" C:\Users\martijn\AppData\Local\Temp\upi_info.xml
[07/15/26 15:11:17] info     Setting key SP/UPI_PRODUCT, value ACD (maxCount 1)
[07/15/26 15:11:17] info     Setting key SP/UPI_RELEASE, value 2027 (maxCount 1)
[07/15/26 15:11:17] info     Setting key SP/UPI_MASTER, value {28B89EEF-A101-0409-2102-CF3F3A09B77D} (maxCount 1)
[07/15/26 15:11:17] info     Setting key SP/UPI_BUILD, value 26.0.60.0.0 (maxCount 1)
[07/15/26 15:11:17] info     Setting key SP/UPI_FULL_XML, value <?xml version="1.0"?><upipackage><upivalue version="1.0" type="product" requestingapp="true"><level name="productline" id="ACD"><level name="release" id="2027"><level name="master" id="{28B89EEF-A101-0409-2102-CF3F3A09B77D}"><level name="build" id="26.0.60.0.0"/></level></level></level></upivalue>
<upivalue version="1.0" type="product"><level name="productline" id=""><level name="release" id=""><level name="master" id=""><level name="build" id=""/></level></level></level></upivalue>
<upivalue version="1.0" type="product"><level name="productline" id=""><level name="release" id=""><level name="master" id=""><level name="build" id=""/></level></level></level></upivalue>
<upivalue version="1.0" type="product"><level name="productline" id=""><level name="release" id=""><level name="master" id=""><level name="build" id=""/></level></level></level></upivalue>
<upivalue version="1.0" type="product"><level name="productline" id=""><level name="release" id=""><level name="master" id=""><level name="build" id=""/></level></level></level></upivalue>
<upivalue version="1.0" type="product"><level name="productline" id=""><level name="release" id=""><level name="master" id=""><level name="build" id=""/></level></level></level></upivalue>
<upivalue version="1.0" type="product"><level name="productline" id=""><level name="release" id=""><level name="master" id=""><level name="build" id=""/></level></level></level></upivalue>
<upivalue version="1.0" type="product"><level name="productline" id="PLC0000013"><level name="release" id="2023"><level name="master" id="{C560BA65-D50F-40AD-A1FD-79334BB120E6}"><level name="build" id="3.0.1.1.0"/></level></level></level></upivalue>
<upivalue version="1.0" type="product"><level name="productline" id=""><level name="release" id=""><level name="master" id=""><level name="build" id=""/></level></level></level></upivalue>
<upivalue version="1.0" type="product"><level name="productline" id=""><level name="release" id=""><level name="master" id=""><level name="build" id=""/></level></level></level></upivalue>
<upivalue version="1.0" type="product"><level name="productline" id=""><level name="release" id=""><level name="master" id=""><level name="build" id=""/></level></level></level></upivalue>
<upivalue version="1.0" type="product"><level name="productline" id=""><level name="release" id=""><level name="master" id=""><level name="build" id=""/></level></level></level></upivalue>
<upivalue version="1.0" type="product"><level name="productline" id=""><level name="release" id=""><level name="master" id=""><level name="build" id=""/></level></level></level></upivalue>
<upivalue version="1.0" type="product"><level name="productline" id=""><level name="release" id=""><level name="master" id=""><level name="build" id=""/></level></level></level></upivalue>
<upivalue version="1.0" type="product"><level name="productline" id="PLC0000013"><level name="release" id="2022"><level name="master" id="{0197CA72-138B-4A7E-9E95-E0440AFAEE5F}"><level name="build" id="2.3.7.0"/></level></level></level></upivalue>
<upivalue version="1.0" type="product"><level name="productline" id="RVT"><level name="release" id="2024"><level name="master" id="MUI64"><level name="build" id="24.3.40.26"/></level></level></level></upivalue>
<upivalue version="1.0" type="product"><level name="productline" id="RVT"><level name="release" id="2025"><level name="master" id="MUI64"><level name="build" id="25.4.30.30"/></level></level></level></upivalue>
<upivalue version="1.0" type="product"><level name="productline" id="PLC0000037"><level name="release" id="2026"><level name="master" id="{28B89EEF-9128-0409-0100-CF3F3A09B77D}"><level name="build" id="25.1.122.0.0"/></level></level></level></upivalue>
<upivalue version="1.0" type="product"><level name="productline" id="CDX"><level name="release" id="Version17.0.1"><level name="master" id="All64"><level name="build" id="17.0.1.3021"/></level></level></level></upivalue>
<upivalue version="1.0" type="product"><level name="productline" id="PLC0000022"><level name="release" id="2025"><level name="master" id="MUI64"><level name="build" id="25.4.30.30"/></level></level></level></upivalue>
<upivalue version="1.0" type="product"><level name="productline" id="PLC0000022"><level name="release" id="2024"><level name="master" id="MUI64"><level name="build" id="24.3.40.26"/></level></level></level></upivalue>
<upivalue version="1.0" type="product"><level name="productline" id="RVT"><level name="release" id="2027"><level name="master" id="MUI64"><level name="build" id="27.0.20.10"/></level></level></level></upivalue>
<upivalue version="1.0" type="product"><level name="productline" id="RVT"><level name="release" id="2026"><level name="master" id="MUI64"><level name="build" id="26.4.10.51"/></level></level></level></upivalue>
<upivalue version="1.0" type="product"><level name="productline" id="PLC0000022"><level name="release" id="2023"><level name="master" id="MUI64"><level name="build" id="23.0.11.19"/></level></level></level></upivalue>
<upivalue version="1.0" type="product"><level name="productline" id="RVT"><level name="release" id="2023"><level name="master" id="MUI64"><level name="build" id="23.0.11.19"/></level></level></level></upivalue>
<upivalue version="1.0" type="product"><level name="productline" id="PLC0000022"><level name="release" id="2022"><level name="master" id="MUI64"><level name="build" id="22.0.2.392"/></level></level></level></upivalue>
<upivalue version="1.0" type="product"><level name="productline" id="RVT"><level name="release" id="2022"><level name="master" id="MUI64"><level name="build" id="22.0.2.392"/></level></level></level></upivalue>
<upivalue version="1.0" type="product"><level name="productline" id="ARCHDESK"><level name="release" id="2027"><level name="master" id="{28B89EEE-A104-0000-5102-CF3F3A09B77D}"><level name="build" id="8.9.46.0"/></level></level></level></upivalue>
<upivalue version="1.0" type="product"><level name="productline" id="ACD"><level name="release" id="2027"><level name="master" id="{28B89EEF-A101-0409-1102-CF3F3A09B77D}"><level name="build" id="26.0.60.0.0"/></level></level></level></upivalue>
<upivalue version="1.0" type="product"><level name="productline" id="ACD"><level name="release" id="2027"><level name="master" id="{28B89EEF-A101-0000-0102-CF3F3A09B77D}"><level name="build" id="26.0.60.0.0"/></level></level></level></upivalue>
</upipackage> (maxCount 1)
[07/15/26 15:11:17] info     set legacy options: /APPICON "C:\Program Files\Autodesk\AutoCAD 2027\AcBrandRes.dll" /APPICONID 1
[07/15/26 15:11:17] info     Setting key RP/AppIcon, value C:\Program Files\Autodesk\AutoCAD 2027\AcBrandRes.dll (maxCount 1)
[07/15/26 15:11:17] info     Setting key RP/AppIconId, value 1 (maxCount 1)
[07/15/26 15:11:17] info     Setting key RP/CadSettingsRegPath, value Software\Autodesk\AutoCAD\R26.0\ACAD-A101:409\CadManagerControl\CustomerErrorReport (maxCount 1)
[07/15/26 15:11:17] info     Setting key RP/AppLocaleId, value 1033 (maxCount 1)
[07/15/26 15:11:17] info     Setting key RP/AppXML, value <ProductInformation name ="AutoCAD" build_version="X.60.0.0(x64)" registry_version="26.0" install_id_string="ACAD-A101:409" registry_localeID="1033" git_commit_id="90c984aa66a571142ee0757584bac517eec2175a" /> (maxCount 100)
[07/15/26 15:11:17] info     Setting key SP/THEME_TYPE, value Blue (maxCount 1)
[07/15/26 15:11:17] info     Setting key SP/EXCEPTION_INFO_POINTER, value 140711512737048 (maxCount 1)
[07/15/26 15:11:17] info     Setting key SP/THREAD_ID, value 4294967295 (maxCount 1)
[07/15/26 15:11:17] info     Get key SP/THREAD_ID, index 0: "4294967295"
[07/15/26 15:11:17] info     Setting key SP/WER, value 0 (maxCount 1)
[07/15/26 15:11:17] info     Get key SP/WER, index 0: "0"
[07/15/26 15:11:17] info     Registered C:\Program Files\Autodesk\AutoCAD 2027\cer.dll as WER runtime exception module
[07/15/26 15:11:17] info     Current ErrorMode is 32769
[07/15/26 15:11:17] debug    Receiver ping: pong
[07/15/26 15:11:27] debug    Receiver ping: pong
[07/15/26 15:11:37] debug    Receiver ping: pong
[07/15/26 15:11:47] debug    Receiver ping: pong
[07/15/26 15:11:57] debug    Receiver ping: pong
[07/15/26 15:12:07] debug    Receiver ping: pong
[07/15/26 15:12:17] debug    Receiver ping: pong
[07/15/26 15:12:27] debug    Receiver ping: pong
[07/15/26 15:12:37] debug    Receiver ping: pong
[07/15/26 15:12:47] debug    Receiver ping: pong
[07/15/26 15:12:57] debug    Receiver ping: pong
[07/15/26 15:13:07] debug    Receiver ping: pong
[07/15/26 15:13:17] debug    Receiver ping: pong
[07/15/26 15:13:27] debug    Receiver ping: pong
[07/15/26 15:13:37] debug    Receiver ping: pong
[07/15/26 15:13:47] debug    Receiver ping: pong
[07/15/26 15:13:57] debug    Receiver ping: pong
[07/15/26 15:14:07] debug    Receiver ping: pong
[07/15/26 15:14:17] debug    Receiver ping: pong
[07/15/26 15:14:27] debug    Receiver ping: pong
[07/15/26 15:14:37] debug    Receiver ping: pong
[07/15/26 15:14:47] debug    Receiver ping: pong
[07/15/26 15:15:21] info     ================= cer started =================
[07/15/26 15:15:21] info     C:\Program Files\Autodesk\AutoCAD 2027\cer.dll, 7.2.4+20251128.8f05bb68.927
[07/15/26 15:15:21] info     Setting key SP/SDK_VERSION, value 7.2.4+20251128.8f05bb68.927 (maxCount 1)
[07/15/26 15:15:21] info     Setting key SP/PRODUCT_NAME_HASH, value 9d6767a77b9d2cce90e03082e1302957689eeac5 (maxCount 1)
[07/15/26 15:15:21] info     Setting key SP/RUNTIME_ARCH, value 1 (maxCount 1)
[07/15/26 15:15:21] info     Set senddmp exe path to C:\Program Files\Autodesk\AutoCAD 2027\CER\senddmp.exe
[07/15/26 15:15:21] info     The cer_service exe C:\Program Files\Autodesk\AutoCAD 2027\CER\service\cer_service.exe is not in folder C:\Program Files\Autodesk\AutoCAD 2027\CER\, it's not a sandbox
[07/15/26 15:15:21] info     Set upi exe path to C:\Program Files\Autodesk\AutoCAD 2027\CER\upi.exe
[07/15/26 15:15:21] info     launching C:\Program Files\Autodesk\AutoCAD 2027\CER\upi.exe --cmd=get-device-id C:\Users\martijn\AppData\Local\Temp\upi_deviceid2
[07/15/26 15:15:21] info     Set deviceID2 to 5FA9CB08AC9568A20062D641F0E83350AD4E01E77C050F5774A2258C7F55DDB5&C36991926561CF2A3977F0863E61A4FA3F8FBE7EC7145CF456E6DE7EBCA4A563&36DECED01A3ACD4FA5B51D33932D86F72549B4905A1D8B0CFAC3FBBFF440E4E3
[07/15/26 15:15:21] info     Setting key SP/DEVICEID2, value 5FA9CB08AC9568A20062D641F0E83350AD4E01E77C050F5774A2258C7F55DDB5&C36991926561CF2A3977F0863E61A4FA3F8FBE7EC7145CF456E6DE7EBCA4A563&36DECED01A3ACD4FA5B51D33932D86F72549B4905A1D8B0CFAC3FBBFF440E4E3 (maxCount 1)
[07/15/26 15:15:21] info     Setting key SP/UUID, value 9d6767a77b9d2cce90e03082e1302957689eeac55FA9CB08AC9568A20062D641F0E83350AD4E01E77C050F5774A2258C7F55DDB5&C36991926561CF2A3977F0863E61A4FA3F8FBE7EC7145CF456E6DE7EBCA4A563&36DECED01A3ACD4FA5B51D33932D86F72549B4905A1D8B0CFAC3FBBFF440E4E3 (maxCount 1)
[07/15/26 15:15:21] info     Set senddmp exe path to C:\Program Files\Autodesk\AutoCAD 2027\CER\senddmp.exe
[07/15/26 15:15:21] info     The cer_service exe C:\Program Files\Autodesk\AutoCAD 2027\CER\service\cer_service.exe is not in folder C:\Program Files\Autodesk\AutoCAD 2027\CER\, it's not a sandbox
[07/15/26 15:15:21] info     launching C:\Program Files\Autodesk\AutoCAD 2027\CER\upi.exe "C:\Program Files\Autodesk\AutoCAD 2027\en-US\UPI\upiconfig.xml" C:\Users\martijn\AppData\Local\Temp\upi_info.xml
[07/15/26 15:15:23] info     Setting key SP/UPI_PRODUCT, value ACD (maxCount 1)
[07/15/26 15:15:23] info     Setting key SP/UPI_RELEASE, value 2027 (maxCount 1)
[07/15/26 15:15:23] info     Setting key SP/UPI_MASTER, value {28B89EEF-A101-0409-2102-CF3F3A09B77D} (maxCount 1)
[07/15/26 15:15:23] info     Setting key SP/UPI_BUILD, value 26.0.60.0.0 (maxCount 1)
[07/15/26 15:15:23] info     Setting key SP/UPI_FULL_XML, value <?xml version="1.0"?><upipackage><upivalue version="1.0" type="product" requestingapp="true"><level name="productline" id="ACD"><level name="release" id="2027"><level name="master" id="{28B89EEF-A101-0409-2102-CF3F3A09B77D}"><level name="build" id="26.0.60.0.0"/></level></level></level></upivalue>
<upivalue version="1.0" type="product"><level name="productline" id=""><level name="release" id=""><level name="master" id=""><level name="build" id=""/></level></level></level></upivalue>
<upivalue version="1.0" type="product"><level name="productline" id=""><level name="release" id=""><level name="master" id=""><level name="build" id=""/></level></level></level></upivalue>
<upivalue version="1.0" type="product"><level name="productline" id=""><level name="release" id=""><level name="master" id=""><level name="build" id=""/></level></level></level></upivalue>
<upivalue version="1.0" type="product"><level name="productline" id=""><level name="release" id=""><level name="master" id=""><level name="build" id=""/></level></level></level></upivalue>
<upivalue version="1.0" type="product"><level name="productline" id=""><level name="release" id=""><level name="master" id=""><level name="build" id=""/></level></level></level></upivalue>
<upivalue version="1.0" type="product"><level name="productline" id=""><level name="release" id=""><level name="master" id=""><level name="build" id=""/></level></level></level></upivalue>
<upivalue version="1.0" type="product"><level name="productline" id="PLC0000013"><level name="release" id="2023"><level name="master" id="{C560BA65-D50F-40AD-A1FD-79334BB120E6}"><level name="build" id="3.0.1.1.0"/></level></level></level></upivalue>
<upivalue version="1.0" type="product"><level name="productline" id=""><level name="release" id=""><level name="master" id=""><level name="build" id=""/></level></level></level></upivalue>
<upivalue version="1.0" type="product"><level name="productline" id=""><level name="release" id=""><level name="master" id=""><level name="build" id=""/></level></level></level></upivalue>
<upivalue version="1.0" type="product"><level name="productline" id=""><level name="release" id=""><level name="master" id=""><level name="build" id=""/></level></level></level></upivalue>
<upivalue version="1.0" type="product"><level name="productline" id=""><level name="release" id=""><level name="master" id=""><level name="build" id=""/></level></level></level></upivalue>
<upivalue version="1.0" type="product"><level name="productline" id=""><level name="release" id=""><level name="master" id=""><level name="build" id=""/></level></level></level></upivalue>
<upivalue version="1.0" type="product"><level name="productline" id=""><level name="release" id=""><level name="master" id=""><level name="build" id=""/></level></level></level></upivalue>
<upivalue version="1.0" type="product"><level name="productline" id="PLC0000013"><level name="release" id="2022"><level name="master" id="{0197CA72-138B-4A7E-9E95-E0440AFAEE5F}"><level name="build" id="2.3.7.0"/></level></level></level></upivalue>
<upivalue version="1.0" type="product"><level name="productline" id="RVT"><level name="release" id="2024"><level name="master" id="MUI64"><level name="build" id="24.3.40.26"/></level></level></level></upivalue>
<upivalue version="1.0" type="product"><level name="productline" id="RVT"><level name="release" id="2025"><level name="master" id="MUI64"><level name="build" id="25.4.30.30"/></level></level></level></upivalue>
<upivalue version="1.0" type="product"><level name="productline" id="PLC0000037"><level name="release" id="2026"><level name="master" id="{28B89EEF-9128-0409-0100-CF3F3A09B77D}"><level name="build" id="25.1.122.0.0"/></level></level></level></upivalue>
<upivalue version="1.0" type="product"><level name="productline" id="CDX"><level name="release" id="Version17.0.1"><level name="master" id="All64"><level name="build" id="17.0.1.3021"/></level></level></level></upivalue>
<upivalue version="1.0" type="product"><level name="productline" id="PLC0000022"><level name="release" id="2025"><level name="master" id="MUI64"><level name="build" id="25.4.30.30"/></level></level></level></upivalue>
<upivalue version="1.0" type="product"><level name="productline" id="PLC0000022"><level name="release" id="2024"><level name="master" id="MUI64"><level name="build" id="24.3.40.26"/></level></level></level></upivalue>
<upivalue version="1.0" type="product"><level name="productline" id="RVT"><level name="release" id="2027"><level name="master" id="MUI64"><level name="build" id="27.0.20.10"/></level></level></level></upivalue>
<upivalue version="1.0" type="product"><level name="productline" id="RVT"><level name="release" id="2026"><level name="master" id="MUI64"><level name="build" id="26.4.10.51"/></level></level></level></upivalue>
<upivalue version="1.0" type="product"><level name="productline" id="PLC0000022"><level name="release" id="2023"><level name="master" id="MUI64"><level name="build" id="23.0.11.19"/></level></level></level></upivalue>
<upivalue version="1.0" type="product"><level name="productline" id="RVT"><level name="release" id="2023"><level name="master" id="MUI64"><level name="build" id="23.0.11.19"/></level></level></level></upivalue>
<upivalue version="1.0" type="product"><level name="productline" id="PLC0000022"><level name="release" id="2022"><level name="master" id="MUI64"><level name="build" id="22.0.2.392"/></level></level></level></upivalue>
<upivalue version="1.0" type="product"><level name="productline" id="RVT"><level name="release" id="2022"><level name="master" id="MUI64"><level name="build" id="22.0.2.392"/></level></level></level></upivalue>
<upivalue version="1.0" type="product"><level name="productline" id="ARCHDESK"><level name="release" id="2027"><level name="master" id="{28B89EEE-A104-0000-5102-CF3F3A09B77D}"><level name="build" id="8.9.46.0"/></level></level></level></upivalue>
<upivalue version="1.0" type="product"><level name="productline" id="ACD"><level name="release" id="2027"><level name="master" id="{28B89EEF-A101-0409-1102-CF3F3A09B77D}"><level name="build" id="26.0.60.0.0"/></level></level></level></upivalue>
<upivalue version="1.0" type="product"><level name="productline" id="ACD"><level name="release" id="2027"><level name="master" id="{28B89EEF-A101-0000-0102-CF3F3A09B77D}"><level name="build" id="26.0.60.0.0"/></level></level></level></upivalue>
</upipackage> (maxCount 1)
[07/15/26 15:15:23] info     set legacy options: /APPICON "C:\Program Files\Autodesk\AutoCAD 2027\AcBrandRes.dll" /APPICONID 1
[07/15/26 15:15:23] info     Setting key RP/AppIcon, value C:\Program Files\Autodesk\AutoCAD 2027\AcBrandRes.dll (maxCount 1)
[07/15/26 15:15:23] info     Setting key RP/AppIconId, value 1 (maxCount 1)
[07/15/26 15:15:23] info     Setting key RP/CadSettingsRegPath, value Software\Autodesk\AutoCAD\R26.0\ACAD-A101:409\CadManagerControl\CustomerErrorReport (maxCount 1)
[07/15/26 15:15:23] info     Setting key RP/AppLocaleId, value 1033 (maxCount 1)
[07/15/26 15:15:23] info     Setting key RP/AppXML, value <ProductInformation name ="AutoCAD" build_version="X.60.0.0(x64)" registry_version="26.0" install_id_string="ACAD-A101:409" registry_localeID="1033" git_commit_id="90c984aa66a571142ee0757584bac517eec2175a" /> (maxCount 100)
[07/15/26 15:15:23] info     Setting key SP/THEME_TYPE, value Blue (maxCount 1)
[07/15/26 15:15:23] info     Setting key SP/EXCEPTION_INFO_POINTER, value 140711512737048 (maxCount 1)
[07/15/26 15:15:23] info     Setting key SP/THREAD_ID, value 4294967295 (maxCount 1)
[07/15/26 15:15:23] info     Get key SP/THREAD_ID, index 0: "4294967295"
[07/15/26 15:15:23] info     Setting key SP/WER, value 0 (maxCount 1)
[07/15/26 15:15:23] info     Get key SP/WER, index 0: "0"
[07/15/26 15:15:23] info     Registered C:\Program Files\Autodesk\AutoCAD 2027\cer.dll as WER runtime exception module
[07/15/26 15:15:23] info     Current ErrorMode is 32769
[07/15/26 15:15:23] debug    Receiver ping: pong
[07/15/26 15:15:30] info     Setting key RP/Headless, value 1 (maxCount 1)
[07/15/26 15:15:30] info     ================= cer stopped =================
[07/15/26 15:16:06] info     ================= cer started =================
[07/15/26 15:16:06] info     C:\Program Files\Autodesk\AutoCAD 2027\cer.dll, 7.2.4+20251128.8f05bb68.927
[07/15/26 15:16:06] info     Setting key SP/SDK_VERSION, value 7.2.4+20251128.8f05bb68.927 (maxCount 1)
[07/15/26 15:16:06] info     Setting key SP/PRODUCT_NAME_HASH, value 9d6767a77b9d2cce90e03082e1302957689eeac5 (maxCount 1)
[07/15/26 15:16:06] info     Setting key SP/RUNTIME_ARCH, value 1 (maxCount 1)
[07/15/26 15:16:06] info     Set senddmp exe path to C:\Program Files\Autodesk\AutoCAD 2027\CER\senddmp.exe
[07/15/26 15:16:06] info     The cer_service exe C:\Program Files\Autodesk\AutoCAD 2027\CER\service\cer_service.exe is not in folder C:\Program Files\Autodesk\AutoCAD 2027\CER\, it's not a sandbox
[07/15/26 15:16:06] info     Set upi exe path to C:\Program Files\Autodesk\AutoCAD 2027\CER\upi.exe
[07/15/26 15:16:06] info     launching C:\Program Files\Autodesk\AutoCAD 2027\CER\upi.exe --cmd=get-device-id C:\Users\martijn\AppData\Local\Temp\upi_deviceid2
[07/15/26 15:16:06] info     Set deviceID2 to 5FA9CB08AC9568A20062D641F0E83350AD4E01E77C050F5774A2258C7F55DDB5&C36991926561CF2A3977F0863E61A4FA3F8FBE7EC7145CF456E6DE7EBCA4A563&36DECED01A3ACD4FA5B51D33932D86F72549B4905A1D8B0CFAC3FBBFF440E4E3
[07/15/26 15:16:06] info     Setting key SP/DEVICEID2, value 5FA9CB08AC9568A20062D641F0E83350AD4E01E77C050F5774A2258C7F55DDB5&C36991926561CF2A3977F0863E61A4FA3F8FBE7EC7145CF456E6DE7EBCA4A563&36DECED01A3ACD4FA5B51D33932D86F72549B4905A1D8B0CFAC3FBBFF440E4E3 (maxCount 1)
[07/15/26 15:16:06] info     Setting key SP/UUID, value 9d6767a77b9d2cce90e03082e1302957689eeac55FA9CB08AC9568A20062D641F0E83350AD4E01E77C050F5774A2258C7F55DDB5&C36991926561CF2A3977F0863E61A4FA3F8FBE7EC7145CF456E6DE7EBCA4A563&36DECED01A3ACD4FA5B51D33932D86F72549B4905A1D8B0CFAC3FBBFF440E4E3 (maxCount 1)
[07/15/26 15:16:06] info     Set senddmp exe path to C:\Program Files\Autodesk\AutoCAD 2027\CER\senddmp.exe
[07/15/26 15:16:06] info     The cer_service exe C:\Program Files\Autodesk\AutoCAD 2027\CER\service\cer_service.exe is not in folder C:\Program Files\Autodesk\AutoCAD 2027\CER\, it's not a sandbox
[07/15/26 15:16:06] info     launching C:\Program Files\Autodesk\AutoCAD 2027\CER\upi.exe "C:\Program Files\Autodesk\AutoCAD 2027\en-US\UPI\upiconfig.xml" C:\Users\martijn\AppData\Local\Temp\upi_info.xml
[07/15/26 15:16:06] info     Setting key SP/UPI_PRODUCT, value ACD (maxCount 1)
[07/15/26 15:16:06] info     Setting key SP/UPI_RELEASE, value 2027 (maxCount 1)
[07/15/26 15:16:06] info     Setting key SP/UPI_MASTER, value {28B89EEF-A101-0409-2102-CF3F3A09B77D} (maxCount 1)
[07/15/26 15:16:06] info     Setting key SP/UPI_BUILD, value 26.0.60.0.0 (maxCount 1)
[07/15/26 15:16:06] info     Setting key SP/UPI_FULL_XML, value <?xml version="1.0"?><upipackage><upivalue version="1.0" type="product" requestingapp="true"><level name="productline" id="ACD"><level name="release" id="2027"><level name="master" id="{28B89EEF-A101-0409-2102-CF3F3A09B77D}"><level name="build" id="26.0.60.0.0"/></level></level></level></upivalue>
<upivalue version="1.0" type="product"><level name="productline" id=""><level name="release" id=""><level name="master" id=""><level name="build" id=""/></level></level></level></upivalue>
<upivalue version="1.0" type="product"><level name="productline" id=""><level name="release" id=""><level name="master" id=""><level name="build" id=""/></level></level></level></upivalue>
<upivalue version="1.0" type="product"><level name="productline" id=""><level name="release" id=""><level name="master" id=""><level name="build" id=""/></level></level></level></upivalue>
<upivalue version="1.0" type="product"><level name="productline" id=""><level name="release" id=""><level name="master" id=""><level name="build" id=""/></level></level></level></upivalue>
<upivalue version="1.0" type="product"><level name="productline" id=""><level name="release" id=""><level name="master" id=""><level name="build" id=""/></level></level></level></upivalue>
<upivalue version="1.0" type="product"><level name="productline" id=""><level name="release" id=""><level name="master" id=""><level name="build" id=""/></level></level></level></upivalue>
<upivalue version="1.0" type="product"><level name="productline" id="PLC0000013"><level name="release" id="2023"><level name="master" id="{C560BA65-D50F-40AD-A1FD-79334BB120E6}"><level name="build" id="3.0.1.1.0"/></level></level></level></upivalue>
<upivalue version="1.0" type="product"><level name="productline" id=""><level name="release" id=""><level name="master" id=""><level name="build" id=""/></level></level></level></upivalue>
<upivalue version="1.0" type="product"><level name="productline" id=""><level name="release" id=""><level name="master" id=""><level name="build" id=""/></level></level></level></upivalue>
<upivalue version="1.0" type="product"><level name="productline" id=""><level name="release" id=""><level name="master" id=""><level name="build" id=""/></level></level></level></upivalue>
<upivalue version="1.0" type="product"><level name="productline" id=""><level name="release" id=""><level name="master" id=""><level name="build" id=""/></level></level></level></upivalue>
<upivalue version="1.0" type="product"><level name="productline" id=""><level name="release" id=""><level name="master" id=""><level name="build" id=""/></level></level></level></upivalue>
<upivalue version="1.0" type="product"><level name="productline" id=""><level name="release" id=""><level name="master" id=""><level name="build" id=""/></level></level></level></upivalue>
<upivalue version="1.0" type="product"><level name="productline" id="PLC0000013"><level name="release" id="2022"><level name="master" id="{0197CA72-138B-4A7E-9E95-E0440AFAEE5F}"><level name="build" id="2.3.7.0"/></level></level></level></upivalue>
<upivalue version="1.0" type="product"><level name="productline" id="RVT"><level name="release" id="2024"><level name="master" id="MUI64"><level name="build" id="24.3.40.26"/></level></level></level></upivalue>
<upivalue version="1.0" type="product"><level name="productline" id="RVT"><level name="release" id="2025"><level name="master" id="MUI64"><level name="build" id="25.4.30.30"/></level></level></level></upivalue>
<upivalue version="1.0" type="product"><level name="productline" id="PLC0000037"><level name="release" id="2026"><level name="master" id="{28B89EEF-9128-0409-0100-CF3F3A09B77D}"><level name="build" id="25.1.122.0.0"/></level></level></level></upivalue>
<upivalue version="1.0" type="product"><level name="productline" id="CDX"><level name="release" id="Version17.0.1"><level name="master" id="All64"><level name="build" id="17.0.1.3021"/></level></level></level></upivalue>
<upivalue version="1.0" type="product"><level name="productline" id="PLC0000022"><level name="release" id="2025"><level name="master" id="MUI64"><level name="build" id="25.4.30.30"/></level></level></level></upivalue>
<upivalue version="1.0" type="product"><level name="productline" id="PLC0000022"><level name="release" id="2024"><level name="master" id="MUI64"><level name="build" id="24.3.40.26"/></level></level></level></upivalue>
<upivalue version="1.0" type="product"><level name="productline" id="RVT"><level name="release" id="2027"><level name="master" id="MUI64"><level name="build" id="27.0.20.10"/></level></level></level></upivalue>
<upivalue version="1.0" type="product"><level name="productline" id="RVT"><level name="release" id="2026"><level name="master" id="MUI64"><level name="build" id="26.4.10.51"/></level></level></level></upivalue>
<upivalue version="1.0" type="product"><level name="productline" id="PLC0000022"><level name="release" id="2023"><level name="master" id="MUI64"><level name="build" id="23.0.11.19"/></level></level></level></upivalue>
<upivalue version="1.0" type="product"><level name="productline" id="RVT"><level name="release" id="2023"><level name="master" id="MUI64"><level name="build" id="23.0.11.19"/></level></level></level></upivalue>
<upivalue version="1.0" type="product"><level name="productline" id="PLC0000022"><level name="release" id="2022"><level name="master" id="MUI64"><level name="build" id="22.0.2.392"/></level></level></level></upivalue>
<upivalue version="1.0" type="product"><level name="productline" id="RVT"><level name="release" id="2022"><level name="master" id="MUI64"><level name="build" id="22.0.2.392"/></level></level></level></upivalue>
<upivalue version="1.0" type="product"><level name="productline" id="ARCHDESK"><level name="release" id="2027"><level name="master" id="{28B89EEE-A104-0000-5102-CF3F3A09B77D}"><level name="build" id="8.9.46.0"/></level></level></level></upivalue>
<upivalue version="1.0" type="product"><level name="productline" id="ACD"><level name="release" id="2027"><level name="master" id="{28B89EEF-A101-0409-1102-CF3F3A09B77D}"><level name="build" id="26.0.60.0.0"/></level></level></level></upivalue>
<upivalue version="1.0" type="product"><level name="productline" id="ACD"><level name="release" id="2027"><level name="master" id="{28B89EEF-A101-0000-0102-CF3F3A09B77D}"><level name="build" id="26.0.60.0.0"/></level></level></level></upivalue>
</upipackage> (maxCount 1)
[07/15/26 15:16:06] info     set legacy options: /APPICON "C:\Program Files\Autodesk\AutoCAD 2027\AcBrandRes.dll" /APPICONID 1
[07/15/26 15:16:06] info     Setting key RP/AppIcon, value C:\Program Files\Autodesk\AutoCAD 2027\AcBrandRes.dll (maxCount 1)
[07/15/26 15:16:06] info     Setting key RP/AppIconId, value 1 (maxCount 1)
[07/15/26 15:16:06] info     Setting key RP/CadSettingsRegPath, value Software\Autodesk\AutoCAD\R26.0\ACAD-A101:409\CadManagerControl\CustomerErrorReport (maxCount 1)
[07/15/26 15:16:06] info     Setting key RP/AppLocaleId, value 1033 (maxCount 1)
[07/15/26 15:16:06] info     Setting key RP/AppXML, value <ProductInformation name ="AutoCAD" build_version="X.60.0.0(x64)" registry_version="26.0" install_id_string="ACAD-A101:409" registry_localeID="1033" git_commit_id="90c984aa66a571142ee0757584bac517eec2175a" /> (maxCount 100)
[07/15/26 15:16:06] info     Setting key SP/THEME_TYPE, value Blue (maxCount 1)
[07/15/26 15:16:06] info     Setting key SP/EXCEPTION_INFO_POINTER, value 140711512737048 (maxCount 1)
[07/15/26 15:16:06] info     Setting key SP/THREAD_ID, value 4294967295 (maxCount 1)
[07/15/26 15:16:06] info     Get key SP/THREAD_ID, index 0: "4294967295"
[07/15/26 15:16:06] info     Setting key SP/WER, value 0 (maxCount 1)
[07/15/26 15:16:06] info     Get key SP/WER, index 0: "0"
[07/15/26 15:16:06] info     Registered C:\Program Files\Autodesk\AutoCAD 2027\cer.dll as WER runtime exception module
[07/15/26 15:16:06] info     Current ErrorMode is 32769
[07/15/26 15:16:06] debug    Receiver ping: pong
[07/15/26 15:16:07] info     Setting key RP/Headless, value 1 (maxCount 1)
[07/15/26 15:16:08] info     ================= cer stopped =================
[07/15/26 15:16:25] info     ================= cer started =================
[07/15/26 15:16:25] info     C:\Program Files\Autodesk\AutoCAD 2027\cer.dll, 7.2.4+20251128.8f05bb68.927
[07/15/26 15:16:25] info     Setting key SP/SDK_VERSION, value 7.2.4+20251128.8f05bb68.927 (maxCount 1)
[07/15/26 15:16:25] info     Setting key SP/PRODUCT_NAME_HASH, value 9d6767a77b9d2cce90e03082e1302957689eeac5 (maxCount 1)
[07/15/26 15:16:25] info     Setting key SP/RUNTIME_ARCH, value 1 (maxCount 1)
[07/15/26 15:16:25] info     Set senddmp exe path to C:\Program Files\Autodesk\AutoCAD 2027\CER\senddmp.exe
[07/15/26 15:16:25] info     The cer_service exe C:\Program Files\Autodesk\AutoCAD 2027\CER\service\cer_service.exe is not in folder C:\Program Files\Autodesk\AutoCAD 2027\CER\, it's not a sandbox
[07/15/26 15:16:25] info     Set upi exe path to C:\Program Files\Autodesk\AutoCAD 2027\CER\upi.exe
[07/15/26 15:16:25] info     launching C:\Program Files\Autodesk\AutoCAD 2027\CER\upi.exe --cmd=get-device-id C:\Users\martijn\AppData\Local\Temp\upi_deviceid2
[07/15/26 15:16:25] info     Set deviceID2 to 5FA9CB08AC9568A20062D641F0E83350AD4E01E77C050F5774A2258C7F55DDB5&C36991926561CF2A3977F0863E61A4FA3F8FBE7EC7145CF456E6DE7EBCA4A563&36DECED01A3ACD4FA5B51D33932D86F72549B4905A1D8B0CFAC3FBBFF440E4E3
[07/15/26 15:16:25] info     Setting key SP/DEVICEID2, value 5FA9CB08AC9568A20062D641F0E83350AD4E01E77C050F5774A2258C7F55DDB5&C36991926561CF2A3977F0863E61A4FA3F8FBE7EC7145CF456E6DE7EBCA4A563&36DECED01A3ACD4FA5B51D33932D86F72549B4905A1D8B0CFAC3FBBFF440E4E3 (maxCount 1)
[07/15/26 15:16:25] info     Setting key SP/UUID, value 9d6767a77b9d2cce90e03082e1302957689eeac55FA9CB08AC9568A20062D641F0E83350AD4E01E77C050F5774A2258C7F55DDB5&C36991926561CF2A3977F0863E61A4FA3F8FBE7EC7145CF456E6DE7EBCA4A563&36DECED01A3ACD4FA5B51D33932D86F72549B4905A1D8B0CFAC3FBBFF440E4E3 (maxCount 1)
[07/15/26 15:16:25] info     Set senddmp exe path to C:\Program Files\Autodesk\AutoCAD 2027\CER\senddmp.exe
[07/15/26 15:16:25] info     The cer_service exe C:\Program Files\Autodesk\AutoCAD 2027\CER\service\cer_service.exe is not in folder C:\Program Files\Autodesk\AutoCAD 2027\CER\, it's not a sandbox
[07/15/26 15:16:25] info     launching C:\Program Files\Autodesk\AutoCAD 2027\CER\upi.exe "C:\Program Files\Autodesk\AutoCAD 2027\en-US\UPI\upiconfig.xml" C:\Users\martijn\AppData\Local\Temp\upi_info.xml
[07/15/26 15:16:26] info     Setting key SP/UPI_PRODUCT, value ACD (maxCount 1)
[07/15/26 15:16:26] info     Setting key SP/UPI_RELEASE, value 2027 (maxCount 1)
[07/15/26 15:16:26] info     Setting key SP/UPI_MASTER, value {28B89EEF-A101-0409-2102-CF3F3A09B77D} (maxCount 1)
[07/15/26 15:16:26] info     Setting key SP/UPI_BUILD, value 26.0.60.0.0 (maxCount 1)
[07/15/26 15:16:26] info     Setting key SP/UPI_FULL_XML, value <?xml version="1.0"?><upipackage><upivalue version="1.0" type="product" requestingapp="true"><level name="productline" id="ACD"><level name="release" id="2027"><level name="master" id="{28B89EEF-A101-0409-2102-CF3F3A09B77D}"><level name="build" id="26.0.60.0.0"/></level></level></level></upivalue>
<upivalue version="1.0" type="product"><level name="productline" id=""><level name="release" id=""><level name="master" id=""><level name="build" id=""/></level></level></level></upivalue>
<upivalue version="1.0" type="product"><level name="productline" id=""><level name="release" id=""><level name="master" id=""><level name="build" id=""/></level></level></level></upivalue>
<upivalue version="1.0" type="product"><level name="productline" id=""><level name="release" id=""><level name="master" id=""><level name="build" id=""/></level></level></level></upivalue>
<upivalue version="1.0" type="product"><level name="productline" id=""><level name="release" id=""><level name="master" id=""><level name="build" id=""/></level></level></level></upivalue>
<upivalue version="1.0" type="product"><level name="productline" id=""><level name="release" id=""><level name="master" id=""><level name="build" id=""/></level></level></level></upivalue>
<upivalue version="1.0" type="product"><level name="productline" id=""><level name="release" id=""><level name="master" id=""><level name="build" id=""/></level></level></level></upivalue>
<upivalue version="1.0" type="product"><level name="productline" id="PLC0000013"><level name="release" id="2023"><level name="master" id="{C560BA65-D50F-40AD-A1FD-79334BB120E6}"><level name="build" id="3.0.1.1.0"/></level></level></level></upivalue>
<upivalue version="1.0" type="product"><level name="productline" id=""><level name="release" id=""><level name="master" id=""><level name="build" id=""/></level></level></level></upivalue>
<upivalue version="1.0" type="product"><level name="productline" id=""><level name="release" id=""><level name="master" id=""><level name="build" id=""/></level></level></level></upivalue>
<upivalue version="1.0" type="product"><level name="productline" id=""><level name="release" id=""><level name="master" id=""><level name="build" id=""/></level></level></level></upivalue>
<upivalue version="1.0" type="product"><level name="productline" id=""><level name="release" id=""><level name="master" id=""><level name="build" id=""/></level></level></level></upivalue>
<upivalue version="1.0" type="product"><level name="productline" id=""><level name="release" id=""><level name="master" id=""><level name="build" id=""/></level></level></level></upivalue>
<upivalue version="1.0" type="product"><level name="productline" id=""><level name="release" id=""><level name="master" id=""><level name="build" id=""/></level></level></level></upivalue>
<upivalue version="1.0" type="product"><level name="productline" id="PLC0000013"><level name="release" id="2022"><level name="master" id="{0197CA72-138B-4A7E-9E95-E0440AFAEE5F}"><level name="build" id="2.3.7.0"/></level></level></level></upivalue>
<upivalue version="1.0" type="product"><level name="productline" id="RVT"><level name="release" id="2024"><level name="master" id="MUI64"><level name="build" id="24.3.40.26"/></level></level></level></upivalue>
<upivalue version="1.0" type="product"><level name="productline" id="RVT"><level name="release" id="2025"><level name="master" id="MUI64"><level name="build" id="25.4.30.30"/></level></level></level></upivalue>
<upivalue version="1.0" type="product"><level name="productline" id="PLC0000037"><level name="release" id="2026"><level name="master" id="{28B89EEF-9128-0409-0100-CF3F3A09B77D}"><level name="build" id="25.1.122.0.0"/></level></level></level></upivalue>
<upivalue version="1.0" type="product"><level name="productline" id="CDX"><level name="release" id="Version17.0.1"><level name="master" id="All64"><level name="build" id="17.0.1.3021"/></level></level></level></upivalue>
<upivalue version="1.0" type="product"><level name="productline" id="PLC0000022"><level name="release" id="2025"><level name="master" id="MUI64"><level name="build" id="25.4.30.30"/></level></level></level></upivalue>
<upivalue version="1.0" type="product"><level name="productline" id="PLC0000022"><level name="release" id="2024"><level name="master" id="MUI64"><level name="build" id="24.3.40.26"/></level></level></level></upivalue>
<upivalue version="1.0" type="product"><level name="productline" id="RVT"><level name="release" id="2027"><level name="master" id="MUI64"><level name="build" id="27.0.20.10"/></level></level></level></upivalue>
<upivalue version="1.0" type="product"><level name="productline" id="RVT"><level name="release" id="2026"><level name="master" id="MUI64"><level name="build" id="26.4.10.51"/></level></level></level></upivalue>
<upivalue version="1.0" type="product"><level name="productline" id="PLC0000022"><level name="release" id="2023"><level name="master" id="MUI64"><level name="build" id="23.0.11.19"/></level></level></level></upivalue>
<upivalue version="1.0" type="product"><level name="productline" id="RVT"><level name="release" id="2023"><level name="master" id="MUI64"><level name="build" id="23.0.11.19"/></level></level></level></upivalue>
<upivalue version="1.0" type="product"><level name="productline" id="PLC0000022"><level name="release" id="2022"><level name="master" id="MUI64"><level name="build" id="22.0.2.392"/></level></level></level></upivalue>
<upivalue version="1.0" type="product"><level name="productline" id="RVT"><level name="release" id="2022"><level name="master" id="MUI64"><level name="build" id="22.0.2.392"/></level></level></level></upivalue>
<upivalue version="1.0" type="product"><level name="productline" id="ARCHDESK"><level name="release" id="2027"><level name="master" id="{28B89EEE-A104-0000-5102-CF3F3A09B77D}"><level name="build" id="8.9.46.0"/></level></level></level></upivalue>
<upivalue version="1.0" type="product"><level name="productline" id="ACD"><level name="release" id="2027"><level name="master" id="{28B89EEF-A101-0409-1102-CF3F3A09B77D}"><level name="build" id="26.0.60.0.0"/></level></level></level></upivalue>
<upivalue version="1.0" type="product"><level name="productline" id="ACD"><level name="release" id="2027"><level name="master" id="{28B89EEF-A101-0000-0102-CF3F3A09B77D}"><level name="build" id="26.0.60.0.0"/></level></level></level></upivalue>
</upipackage> (maxCount 1)
[07/15/26 15:16:26] info     set legacy options: /APPICON "C:\Program Files\Autodesk\AutoCAD 2027\AcBrandRes.dll" /APPICONID 1
[07/15/26 15:16:26] info     Setting key RP/AppIcon, value C:\Program Files\Autodesk\AutoCAD 2027\AcBrandRes.dll (maxCount 1)
[07/15/26 15:16:26] info     Setting key RP/AppIconId, value 1 (maxCount 1)
[07/15/26 15:16:26] info     Setting key RP/CadSettingsRegPath, value Software\Autodesk\AutoCAD\R26.0\ACAD-A101:409\CadManagerControl\CustomerErrorReport (maxCount 1)
[07/15/26 15:16:26] info     Setting key RP/AppLocaleId, value 1033 (maxCount 1)
[07/15/26 15:16:26] info     Setting key RP/AppXML, value <ProductInformation name ="AutoCAD" build_version="X.60.0.0(x64)" registry_version="26.0" install_id_string="ACAD-A101:409" registry_localeID="1033" git_commit_id="90c984aa66a571142ee0757584bac517eec2175a" /> (maxCount 100)
[07/15/26 15:16:26] info     Setting key SP/THEME_TYPE, value Blue (maxCount 1)
[07/15/26 15:16:26] info     Setting key SP/EXCEPTION_INFO_POINTER, value 140711512737048 (maxCount 1)
[07/15/26 15:16:26] info     Setting key SP/THREAD_ID, value 4294967295 (maxCount 1)
[07/15/26 15:16:26] info     Get key SP/THREAD_ID, index 0: "4294967295"
[07/15/26 15:16:26] info     Setting key SP/WER, value 0 (maxCount 1)
[07/15/26 15:16:26] info     Get key SP/WER, index 0: "0"
[07/15/26 15:16:26] info     Registered C:\Program Files\Autodesk\AutoCAD 2027\cer.dll as WER runtime exception module
[07/15/26 15:16:26] info     Current ErrorMode is 32769
[07/15/26 15:16:26] debug    Receiver ping: pong
[07/15/26 15:16:27] info     Setting key RP/Headless, value 1 (maxCount 1)
[07/15/26 15:16:27] info     ================= cer stopped =================
[07/15/26 15:20:58] info     ================= cer started =================
[07/15/26 15:20:58] info     C:\Program Files\Autodesk\AutoCAD 2027\cer.dll, 7.2.4+20251128.8f05bb68.927
[07/15/26 15:20:58] info     Setting key SP/SDK_VERSION, value 7.2.4+20251128.8f05bb68.927 (maxCount 1)
[07/15/26 15:20:58] info     Setting key SP/PRODUCT_NAME_HASH, value 9d6767a77b9d2cce90e03082e1302957689eeac5 (maxCount 1)
[07/15/26 15:20:58] info     Setting key SP/RUNTIME_ARCH, value 1 (maxCount 1)
[07/15/26 15:20:58] info     Set senddmp exe path to C:\Program Files\Autodesk\AutoCAD 2027\CER\senddmp.exe
[07/15/26 15:20:58] info     The cer_service exe C:\Program Files\Autodesk\AutoCAD 2027\CER\service\cer_service.exe is not in folder C:\Program Files\Autodesk\AutoCAD 2027\CER\, it's not a sandbox
[07/15/26 15:20:58] info     Set upi exe path to C:\Program Files\Autodesk\AutoCAD 2027\CER\upi.exe
[07/15/26 15:20:58] info     launching C:\Program Files\Autodesk\AutoCAD 2027\CER\upi.exe --cmd=get-device-id C:\Users\martijn\AppData\Local\Temp\upi_deviceid2
[07/15/26 15:20:58] info     Set deviceID2 to 5FA9CB08AC9568A20062D641F0E83350AD4E01E77C050F5774A2258C7F55DDB5&C36991926561CF2A3977F0863E61A4FA3F8FBE7EC7145CF456E6DE7EBCA4A563&36DECED01A3ACD4FA5B51D33932D86F72549B4905A1D8B0CFAC3FBBFF440E4E3
[07/15/26 15:20:58] info     Setting key SP/DEVICEID2, value 5FA9CB08AC9568A20062D641F0E83350AD4E01E77C050F5774A2258C7F55DDB5&C36991926561CF2A3977F0863E61A4FA3F8FBE7EC7145CF456E6DE7EBCA4A563&36DECED01A3ACD4FA5B51D33932D86F72549B4905A1D8B0CFAC3FBBFF440E4E3 (maxCount 1)
[07/15/26 15:20:58] info     Setting key SP/UUID, value 9d6767a77b9d2cce90e03082e1302957689eeac55FA9CB08AC9568A20062D641F0E83350AD4E01E77C050F5774A2258C7F55DDB5&C36991926561CF2A3977F0863E61A4FA3F8FBE7EC7145CF456E6DE7EBCA4A563&36DECED01A3ACD4FA5B51D33932D86F72549B4905A1D8B0CFAC3FBBFF440E4E3 (maxCount 1)
[07/15/26 15:20:58] info     Set senddmp exe path to C:\Program Files\Autodesk\AutoCAD 2027\CER\senddmp.exe
[07/15/26 15:20:58] info     The cer_service exe C:\Program Files\Autodesk\AutoCAD 2027\CER\service\cer_service.exe is not in folder C:\Program Files\Autodesk\AutoCAD 2027\CER\, it's not a sandbox
[07/15/26 15:20:58] info     launching C:\Program Files\Autodesk\AutoCAD 2027\CER\upi.exe "C:\Program Files\Autodesk\AutoCAD 2027\en-US\UPI\upiconfig.xml" C:\Users\martijn\AppData\Local\Temp\upi_info.xml
[07/15/26 15:20:58] info     Setting key SP/UPI_PRODUCT, value ACD (maxCount 1)
[07/15/26 15:20:58] info     Setting key SP/UPI_RELEASE, value 2027 (maxCount 1)
[07/15/26 15:20:58] info     Setting key SP/UPI_MASTER, value {28B89EEF-A101-0409-2102-CF3F3A09B77D} (maxCount 1)
[07/15/26 15:20:58] info     Setting key SP/UPI_BUILD, value 26.0.60.0.0 (maxCount 1)
[07/15/26 15:20:58] info     Setting key SP/UPI_FULL_XML, value <?xml version="1.0"?><upipackage><upivalue version="1.0" type="product" requestingapp="true"><level name="productline" id="ACD"><level name="release" id="2027"><level name="master" id="{28B89EEF-A101-0409-2102-CF3F3A09B77D}"><level name="build" id="26.0.60.0.0"/></level></level></level></upivalue>
<upivalue version="1.0" type="product"><level name="productline" id=""><level name="release" id=""><level name="master" id=""><level name="build" id=""/></level></level></level></upivalue>
<upivalue version="1.0" type="product"><level name="productline" id=""><level name="release" id=""><level name="master" id=""><level name="build" id=""/></level></level></level></upivalue>
<upivalue version="1.0" type="product"><level name="productline" id=""><level name="release" id=""><level name="master" id=""><level name="build" id=""/></level></level></level></upivalue>
<upivalue version="1.0" type="product"><level name="productline" id=""><level name="release" id=""><level name="master" id=""><level name="build" id=""/></level></level></level></upivalue>
<upivalue version="1.0" type="product"><level name="productline" id=""><level name="release" id=""><level name="master" id=""><level name="build" id=""/></level></level></level></upivalue>
<upivalue version="1.0" type="product"><level name="productline" id=""><level name="release" id=""><level name="master" id=""><level name="build" id=""/></level></level></level></upivalue>
<upivalue version="1.0" type="product"><level name="productline" id="PLC0000013"><level name="release" id="2023"><level name="master" id="{C560BA65-D50F-40AD-A1FD-79334BB120E6}"><level name="build" id="3.0.1.1.0"/></level></level></level></upivalue>
<upivalue version="1.0" type="product"><level name="productline" id=""><level name="release" id=""><level name="master" id=""><level name="build" id=""/></level></level></level></upivalue>
<upivalue version="1.0" type="product"><level name="productline" id=""><level name="release" id=""><level name="master" id=""><level name="build" id=""/></level></level></level></upivalue>
<upivalue version="1.0" type="product"><level name="productline" id=""><level name="release" id=""><level name="master" id=""><level name="build" id=""/></level></level></level></upivalue>
<upivalue version="1.0" type="product"><level name="productline" id=""><level name="release" id=""><level name="master" id=""><level name="build" id=""/></level></level></level></upivalue>
<upivalue version="1.0" type="product"><level name="productline" id=""><level name="release" id=""><level name="master" id=""><level name="build" id=""/></level></level></level></upivalue>
<upivalue version="1.0" type="product"><level name="productline" id=""><level name="release" id=""><level name="master" id=""><level name="build" id=""/></level></level></level></upivalue>
<upivalue version="1.0" type="product"><level name="productline" id="PLC0000013"><level name="release" id="2022"><level name="master" id="{0197CA72-138B-4A7E-9E95-E0440AFAEE5F}"><level name="build" id="2.3.7.0"/></level></level></level></upivalue>
<upivalue version="1.0" type="product"><level name="productline" id="RVT"><level name="release" id="2024"><level name="master" id="MUI64"><level name="build" id="24.3.40.26"/></level></level></level></upivalue>
<upivalue version="1.0" type="product"><level name="productline" id="RVT"><level name="release" id="2025"><level name="master" id="MUI64"><level name="build" id="25.4.30.30"/></level></level></level></upivalue>
<upivalue version="1.0" type="product"><level name="productline" id="PLC0000037"><level name="release" id="2026"><level name="master" id="{28B89EEF-9128-0409-0100-CF3F3A09B77D}"><level name="build" id="25.1.122.0.0"/></level></level></level></upivalue>
<upivalue version="1.0" type="product"><level name="productline" id="CDX"><level name="release" id="Version17.0.1"><level name="master" id="All64"><level name="build" id="17.0.1.3021"/></level></level></level></upivalue>
<upivalue version="1.0" type="product"><level name="productline" id="PLC0000022"><level name="release" id="2025"><level name="master" id="MUI64"><level name="build" id="25.4.30.30"/></level></level></level></upivalue>
<upivalue version="1.0" type="product"><level name="productline" id="PLC0000022"><level name="release" id="2024"><level name="master" id="MUI64"><level name="build" id="24.3.40.26"/></level></level></level></upivalue>
<upivalue version="1.0" type="product"><level name="productline" id="RVT"><level name="release" id="2027"><level name="master" id="MUI64"><level name="build" id="27.0.20.10"/></level></level></level></upivalue>
<upivalue version="1.0" type="product"><level name="productline" id="RVT"><level name="release" id="2026"><level name="master" id="MUI64"><level name="build" id="26.4.10.51"/></level></level></level></upivalue>
<upivalue version="1.0" type="product"><level name="productline" id="PLC0000022"><level name="release" id="2023"><level name="master" id="MUI64"><level name="build" id="23.0.11.19"/></level></level></level></upivalue>
<upivalue version="1.0" type="product"><level name="productline" id="RVT"><level name="release" id="2023"><level name="master" id="MUI64"><level name="build" id="23.0.11.19"/></level></level></level></upivalue>
<upivalue version="1.0" type="product"><level name="productline" id="PLC0000022"><level name="release" id="2022"><level name="master" id="MUI64"><level name="build" id="22.0.2.392"/></level></level></level></upivalue>
<upivalue version="1.0" type="product"><level name="productline" id="RVT"><level name="release" id="2022"><level name="master" id="MUI64"><level name="build" id="22.0.2.392"/></level></level></level></upivalue>
<upivalue version="1.0" type="product"><level name="productline" id="ARCHDESK"><level name="release" id="2027"><level name="master" id="{28B89EEE-A104-0000-5102-CF3F3A09B77D}"><level name="build" id="8.9.46.0"/></level></level></level></upivalue>
<upivalue version="1.0" type="product"><level name="productline" id="ACD"><level name="release" id="2027"><level name="master" id="{28B89EEF-A101-0409-1102-CF3F3A09B77D}"><level name="build" id="26.0.60.0.0"/></level></level></level></upivalue>
<upivalue version="1.0" type="product"><level name="productline" id="ACD"><level name="release" id="2027"><level name="master" id="{28B89EEF-A101-0000-0102-CF3F3A09B77D}"><level name="build" id="26.0.60.0.0"/></level></level></level></upivalue>
</upipackage> (maxCount 1)
[07/15/26 15:20:58] info     set legacy options: /APPICON "C:\Program Files\Autodesk\AutoCAD 2027\AcBrandRes.dll" /APPICONID 1
[07/15/26 15:20:58] info     Setting key RP/AppIcon, value C:\Program Files\Autodesk\AutoCAD 2027\AcBrandRes.dll (maxCount 1)
[07/15/26 15:20:58] info     Setting key RP/AppIconId, value 1 (maxCount 1)
[07/15/26 15:20:58] info     Setting key RP/CadSettingsRegPath, value Software\Autodesk\AutoCAD\R26.0\ACAD-A101:409\CadManagerControl\CustomerErrorReport (maxCount 1)
[07/15/26 15:20:58] info     Setting key RP/AppLocaleId, value 1033 (maxCount 1)
[07/15/26 15:20:58] info     Setting key RP/AppXML, value <ProductInformation name ="AutoCAD" build_version="X.60.0.0(x64)" registry_version="26.0" install_id_string="ACAD-A101:409" registry_localeID="1033" git_commit_id="90c984aa66a571142ee0757584bac517eec2175a" /> (maxCount 100)
[07/15/26 15:20:58] info     Setting key SP/THEME_TYPE, value Blue (maxCount 1)
[07/15/26 15:20:58] info     Setting key SP/EXCEPTION_INFO_POINTER, value 140711512737048 (maxCount 1)
[07/15/26 15:20:58] info     Setting key SP/THREAD_ID, value 4294967295 (maxCount 1)
[07/15/26 15:20:58] info     Get key SP/THREAD_ID, index 0: "4294967295"
[07/15/26 15:20:58] info     Setting key SP/WER, value 0 (maxCount 1)
[07/15/26 15:20:58] info     Get key SP/WER, index 0: "0"
[07/15/26 15:20:58] info     Registered C:\Program Files\Autodesk\AutoCAD 2027\cer.dll as WER runtime exception module
[07/15/26 15:20:58] info     Current ErrorMode is 32769
[07/15/26 15:20:58] debug    Receiver ping: pong
[07/15/26 15:21:00] info     Setting key RP/Headless, value 1 (maxCount 1)
[07/15/26 15:21:00] info     ================= cer stopped =================
[07/15/26 15:21:49] info     ================= cer started =================
[07/15/26 15:21:49] info     C:\Program Files\Autodesk\AutoCAD 2027\cer.dll, 7.2.4+20251128.8f05bb68.927
[07/15/26 15:21:49] info     Setting key SP/SDK_VERSION, value 7.2.4+20251128.8f05bb68.927 (maxCount 1)
[07/15/26 15:21:49] info     Setting key SP/PRODUCT_NAME_HASH, value 9d6767a77b9d2cce90e03082e1302957689eeac5 (maxCount 1)
[07/15/26 15:21:49] info     Setting key SP/RUNTIME_ARCH, value 1 (maxCount 1)
[07/15/26 15:21:49] info     Set senddmp exe path to C:\Program Files\Autodesk\AutoCAD 2027\CER\senddmp.exe
[07/15/26 15:21:49] info     The cer_service exe C:\Program Files\Autodesk\AutoCAD 2027\CER\service\cer_service.exe is not in folder C:\Program Files\Autodesk\AutoCAD 2027\CER\, it's not a sandbox
[07/15/26 15:21:49] info     Set upi exe path to C:\Program Files\Autodesk\AutoCAD 2027\CER\upi.exe
[07/15/26 15:21:49] info     launching C:\Program Files\Autodesk\AutoCAD 2027\CER\upi.exe --cmd=get-device-id C:\Users\martijn\AppData\Local\Temp\upi_deviceid2
[07/15/26 15:21:49] info     Set deviceID2 to 5FA9CB08AC9568A20062D641F0E83350AD4E01E77C050F5774A2258C7F55DDB5&C36991926561CF2A3977F0863E61A4FA3F8FBE7EC7145CF456E6DE7EBCA4A563&36DECED01A3ACD4FA5B51D33932D86F72549B4905A1D8B0CFAC3FBBFF440E4E3
[07/15/26 15:21:49] info     Setting key SP/DEVICEID2, value 5FA9CB08AC9568A20062D641F0E83350AD4E01E77C050F5774A2258C7F55DDB5&C36991926561CF2A3977F0863E61A4FA3F8FBE7EC7145CF456E6DE7EBCA4A563&36DECED01A3ACD4FA5B51D33932D86F72549B4905A1D8B0CFAC3FBBFF440E4E3 (maxCount 1)
[07/15/26 15:21:49] info     Setting key SP/UUID, value 9d6767a77b9d2cce90e03082e1302957689eeac55FA9CB08AC9568A20062D641F0E83350AD4E01E77C050F5774A2258C7F55DDB5&C36991926561CF2A3977F0863E61A4FA3F8FBE7EC7145CF456E6DE7EBCA4A563&36DECED01A3ACD4FA5B51D33932D86F72549B4905A1D8B0CFAC3FBBFF440E4E3 (maxCount 1)
[07/15/26 15:21:49] info     Set senddmp exe path to C:\Program Files\Autodesk\AutoCAD 2027\CER\senddmp.exe
[07/15/26 15:21:49] info     The cer_service exe C:\Program Files\Autodesk\AutoCAD 2027\CER\service\cer_service.exe is not in folder C:\Program Files\Autodesk\AutoCAD 2027\CER\, it's not a sandbox
[07/15/26 15:21:49] info     launching C:\Program Files\Autodesk\AutoCAD 2027\CER\upi.exe "C:\Program Files\Autodesk\AutoCAD 2027\en-US\UPI\upiconfig.xml" C:\Users\martijn\AppData\Local\Temp\upi_info.xml
[07/15/26 15:21:49] info     Setting key SP/UPI_PRODUCT, value ACD (maxCount 1)
[07/15/26 15:21:49] info     Setting key SP/UPI_RELEASE, value 2027 (maxCount 1)
[07/15/26 15:21:49] info     Setting key SP/UPI_MASTER, value {28B89EEF-A101-0409-2102-CF3F3A09B77D} (maxCount 1)
[07/15/26 15:21:49] info     Setting key SP/UPI_BUILD, value 26.0.60.0.0 (maxCount 1)
[07/15/26 15:21:49] info     Setting key SP/UPI_FULL_XML, value <?xml version="1.0"?><upipackage><upivalue version="1.0" type="product" requestingapp="true"><level name="productline" id="ACD"><level name="release" id="2027"><level name="master" id="{28B89EEF-A101-0409-2102-CF3F3A09B77D}"><level name="build" id="26.0.60.0.0"/></level></level></level></upivalue>
<upivalue version="1.0" type="product"><level name="productline" id=""><level name="release" id=""><level name="master" id=""><level name="build" id=""/></level></level></level></upivalue>
<upivalue version="1.0" type="product"><level name="productline" id=""><level name="release" id=""><level name="master" id=""><level name="build" id=""/></level></level></level></upivalue>
<upivalue version="1.0" type="product"><level name="productline" id=""><level name="release" id=""><level name="master" id=""><level name="build" id=""/></level></level></level></upivalue>
<upivalue version="1.0" type="product"><level name="productline" id=""><level name="release" id=""><level name="master" id=""><level name="build" id=""/></level></level></level></upivalue>
<upivalue version="1.0" type="product"><level name="productline" id=""><level name="release" id=""><level name="master" id=""><level name="build" id=""/></level></level></level></upivalue>
<upivalue version="1.0" type="product"><level name="productline" id=""><level name="release" id=""><level name="master" id=""><level name="build" id=""/></level></level></level></upivalue>
<upivalue version="1.0" type="product"><level name="productline" id="PLC0000013"><level name="release" id="2023"><level name="master" id="{C560BA65-D50F-40AD-A1FD-79334BB120E6}"><level name="build" id="3.0.1.1.0"/></level></level></level></upivalue>
<upivalue version="1.0" type="product"><level name="productline" id=""><level name="release" id=""><level name="master" id=""><level name="build" id=""/></level></level></level></upivalue>
<upivalue version="1.0" type="product"><level name="productline" id=""><level name="release" id=""><level name="master" id=""><level name="build" id=""/></level></level></level></upivalue>
<upivalue version="1.0" type="product"><level name="productline" id=""><level name="release" id=""><level name="master" id=""><level name="build" id=""/></level></level></level></upivalue>
<upivalue version="1.0" type="product"><level name="productline" id=""><level name="release" id=""><level name="master" id=""><level name="build" id=""/></level></level></level></upivalue>
<upivalue version="1.0" type="product"><level name="productline" id=""><level name="release" id=""><level name="master" id=""><level name="build" id=""/></level></level></level></upivalue>
<upivalue version="1.0" type="product"><level name="productline" id=""><level name="release" id=""><level name="master" id=""><level name="build" id=""/></level></level></level></upivalue>
<upivalue version="1.0" type="product"><level name="productline" id="PLC0000013"><level name="release" id="2022"><level name="master" id="{0197CA72-138B-4A7E-9E95-E0440AFAEE5F}"><level name="build" id="2.3.7.0"/></level></level></level></upivalue>
<upivalue version="1.0" type="product"><level name="productline" id="RVT"><level name="release" id="2024"><level name="master" id="MUI64"><level name="build" id="24.3.40.26"/></level></level></level></upivalue>
<upivalue version="1.0" type="product"><level name="productline" id="RVT"><level name="release" id="2025"><level name="master" id="MUI64"><level name="build" id="25.4.30.30"/></level></level></level></upivalue>
<upivalue version="1.0" type="product"><level name="productline" id="PLC0000037"><level name="release" id="2026"><level name="master" id="{28B89EEF-9128-0409-0100-CF3F3A09B77D}"><level name="build" id="25.1.122.0.0"/></level></level></level></upivalue>
<upivalue version="1.0" type="product"><level name="productline" id="CDX"><level name="release" id="Version17.0.1"><level name="master" id="All64"><level name="build" id="17.0.1.3021"/></level></level></level></upivalue>
<upivalue version="1.0" type="product"><level name="productline" id="PLC0000022"><level name="release" id="2025"><level name="master" id="MUI64"><level name="build" id="25.4.30.30"/></level></level></level></upivalue>
<upivalue version="1.0" type="product"><level name="productline" id="PLC0000022"><level name="release" id="2024"><level name="master" id="MUI64"><level name="build" id="24.3.40.26"/></level></level></level></upivalue>
<upivalue version="1.0" type="product"><level name="productline" id="RVT"><level name="release" id="2027"><level name="master" id="MUI64"><level name="build" id="27.0.20.10"/></level></level></level></upivalue>
<upivalue version="1.0" type="product"><level name="productline" id="RVT"><level name="release" id="2026"><level name="master" id="MUI64"><level name="build" id="26.4.10.51"/></level></level></level></upivalue>
<upivalue version="1.0" type="product"><level name="productline" id="PLC0000022"><level name="release" id="2023"><level name="master" id="MUI64"><level name="build" id="23.0.11.19"/></level></level></level></upivalue>
<upivalue version="1.0" type="product"><level name="productline" id="RVT"><level name="release" id="2023"><level name="master" id="MUI64"><level name="build" id="23.0.11.19"/></level></level></level></upivalue>
<upivalue version="1.0" type="product"><level name="productline" id="PLC0000022"><level name="release" id="2022"><level name="master" id="MUI64"><level name="build" id="22.0.2.392"/></level></level></level></upivalue>
<upivalue version="1.0" type="product"><level name="productline" id="RVT"><level name="release" id="2022"><level name="master" id="MUI64"><level name="build" id="22.0.2.392"/></level></level></level></upivalue>
<upivalue version="1.0" type="product"><level name="productline" id="ARCHDESK"><level name="release" id="2027"><level name="master" id="{28B89EEE-A104-0000-5102-CF3F3A09B77D}"><level name="build" id="8.9.46.0"/></level></level></level></upivalue>
<upivalue version="1.0" type="product"><level name="productline" id="ACD"><level name="release" id="2027"><level name="master" id="{28B89EEF-A101-0409-1102-CF3F3A09B77D}"><level name="build" id="26.0.60.0.0"/></level></level></level></upivalue>
<upivalue version="1.0" type="product"><level name="productline" id="ACD"><level name="release" id="2027"><level name="master" id="{28B89EEF-A101-0000-0102-CF3F3A09B77D}"><level name="build" id="26.0.60.0.0"/></level></level></level></upivalue>
</upipackage> (maxCount 1)
[07/15/26 15:21:49] info     set legacy options: /APPICON "C:\Program Files\Autodesk\AutoCAD 2027\AcBrandRes.dll" /APPICONID 1
[07/15/26 15:21:49] info     Setting key RP/AppIcon, value C:\Program Files\Autodesk\AutoCAD 2027\AcBrandRes.dll (maxCount 1)
[07/15/26 15:21:49] info     Setting key RP/AppIconId, value 1 (maxCount 1)
[07/15/26 15:21:49] info     Setting key RP/CadSettingsRegPath, value Software\Autodesk\AutoCAD\R26.0\ACAD-A101:409\CadManagerControl\CustomerErrorReport (maxCount 1)
[07/15/26 15:21:49] info     Setting key RP/AppLocaleId, value 1033 (maxCount 1)
[07/15/26 15:21:49] info     Setting key RP/AppXML, value <ProductInformation name ="AutoCAD" build_version="X.60.0.0(x64)" registry_version="26.0" install_id_string="ACAD-A101:409" registry_localeID="1033" git_commit_id="90c984aa66a571142ee0757584bac517eec2175a" /> (maxCount 100)
[07/15/26 15:21:49] info     Setting key SP/THEME_TYPE, value Blue (maxCount 1)
[07/15/26 15:21:49] info     Setting key SP/EXCEPTION_INFO_POINTER, value 140711514178840 (maxCount 1)
[07/15/26 15:21:49] info     Setting key SP/THREAD_ID, value 4294967295 (maxCount 1)
[07/15/26 15:21:49] info     Get key SP/THREAD_ID, index 0: "4294967295"
[07/15/26 15:21:49] info     Setting key SP/WER, value 0 (maxCount 1)
[07/15/26 15:21:49] info     Get key SP/WER, index 0: "0"
[07/15/26 15:21:49] info     Registered C:\Program Files\Autodesk\AutoCAD 2027\cer.dll as WER runtime exception module
[07/15/26 15:21:49] info     Current ErrorMode is 32769
[07/15/26 15:21:49] debug    Receiver ping: pong
[07/15/26 15:21:50] info     Setting key RP/Headless, value 1 (maxCount 1)
[07/15/26 15:21:51] info     ================= cer stopped =================
